Flutter crash report; please file at https://github.com/flutter/flutter/issues.

## command

flutter --no-color packages get

## exception

FileSystemException: FileSystemException: Cannot open file, path = '/Users/zhangchaozhou/Documents/flutter/bin/cache/downloads/storage.googleapis.com/flutter_infra/flutter/3757390fa4b00d2d261bfdf5182d2e87c9113ff9/ios-release/artifacts.zip' (OS Error: No such file or directory, errno = 2)

```
#0      _File.throwIfError (dart:io/file_impl.dart:643:7)
#1      _File.openSync (dart:io/file_impl.dart:487:5)
#2      _File.writeAsBytesSync (dart:io/file_impl.dart:612:31)
#3      _LocalFile&LocalFileSystemEntity&ForwardingFile.writeAsBytesSync (package:file/src/forwarding/forwarding_file.dart:124:16)
#4      _downloadFile (package:flutter_tools/src/cache.dart:647:12)
<asynchronous suspension>
#5      CachedArtifact._downloadArchive.<anonymous closure> (package:flutter_tools/src/cache.dart:304:17)
<asynchronous suspension>
#6      CachedArtifact._withDownloadFile (package:flutter_tools/src/cache.dart:333:26)
<asynchronous suspension>
#7      CachedArtifact._downloadArchive (package:flutter_tools/src/cache.dart:300:12)
#8      CachedArtifact._downloadZipArchive (package:flutter_tools/src/cache.dart:320:12)
#9      FlutterEngine.updateInner (package:flutter_tools/src/cache.dart:508:13)
<asynchronous suspension>
#10     CachedArtifact.update (package:flutter_tools/src/cache.dart:263:11)
<asynchronous suspension>
#11     Cache.updateAll (package:flutter_tools/src/cache.dart:219:26)
<asynchronous suspension>
#12     FlutterCommand.verifyThenRunCommand (package:flutter_tools/src/runner/flutter_command.dart:530:19)
<asynchronous suspension>
#13     FlutterCommand.run.<anonymous closure> (package:flutter_tools/src/runner/flutter_command.dart:482:33)
<asynchronous suspension>
#14     AppContext.run.<anonymous closure> (package:flutter_tools/src/base/context.dart:142:29)
<asynchronous suspension>
#15     _rootRun (dart:async/zone.dart:1124:13)
#16     _CustomZone.run (dart:async/zone.dart:1021:19)
#17     _runZoned (dart:async/zone.dart:1516:10)
#18     runZoned (dart:async/zone.dart:1463:12)
#19     AppContext.run (package:flutter_tools/src/base/context.dart:141:18)
<asynchronous suspension>
#20     FlutterCommand.run (package:flutter_tools/src/runner/flutter_command.dart:473:20)
#21     CommandRunner.runCommand (package:args/command_runner.dart:196:27)
<asynchronous suspension>
#22     FlutterCommandRunner.runCommand.<anonymous closure> (package:flutter_tools/src/runner/flutter_command_runner.dart:396:21)
<asynchronous suspension>
#23     AppContext.run.<anonymous closure> (package:flutter_tools/src/base/context.dart:142:29)
<asynchronous suspension>
#24     _rootRun (dart:async/zone.dart:1124:13)
#25     _CustomZone.run (dart:async/zone.dart:1021:19)
#26     _runZoned (dart:async/zone.dart:1516:10)
#27     runZoned (dart:async/zone.dart:1463:12)
#28     AppContext.run (package:flutter_tools/src/base/context.dart:141:18)
<asynchronous suspension>
#29     FlutterCommandRunner.runCommand (package:flutter_tools/src/runner/flutter_command_runner.dart:356:19)
<asynchronous suspension>
#30     CommandRunner.run.<anonymous closure> (package:args/command_runner.dart:111:29)
#31     new Future.sync (dart:async/future.dart:224:31)
#32     CommandRunner.run (package:args/command_runner.dart:111:11)
#33     FlutterCommandRunner.run (package:flutter_tools/src/runner/flutter_command_runner.dart:242:18)
#34     run.<anonymous closure> (package:flutter_tools/runner.dart:60:20)
<asynchronous suspension>
#35     AppContext.run.<anonymous closure> (package:flutter_tools/src/base/context.dart:142:29)
<asynchronous suspension>
#36     _rootRun (dart:async/zone.dart:1124:13)
#37     _CustomZone.run (dart:async/zone.dart:1021:19)
#38     _runZoned (dart:async/zone.dart:1516:10)
#39     runZoned (dart:async/zone.dart:1463:12)
#40     AppContext.run (package:flutter_tools/src/base/context.dart:141:18)
<asynchronous suspension>
#41     runInContext (package:flutter_tools/src/context_runner.dart:48:24)
<asynchronous suspension>
#42     run (package:flutter_tools/runner.dart:51:10)
#43     main (package:flutter_tools/executable.dart:52:9)
<asynchronous suspension>
#44     main (file:///Users/zhangchaozhou/Documents/flutter/packages/flutter_tools/bin/flutter_tools.dart:8:3)
#45     _startIsolate.<anonymous closure> (dart:isolate/runtime/libisolate_patch.dart:298:32)
#46     _RawReceivePortImpl._handleMessage (dart:isolate/runtime/libisolate_patch.dart:171:12)
```

## flutter doctor

```
[✓] Flutter (Channel stable, v1.2.1, on Mac OS X 10.14.6 18G95, locale zh-Hans-CN)
    • Flutter version 1.2.1 at /Users/zhangchaozhou/Documents/flutter
    • Framework revision 8661d8aecd (1 year ago), 2019-02-14 19:19:53 -0800
    • Engine revision 3757390fa4
    • Dart version 2.1.2 (build 2.1.2-dev.0.0 0a7dcf17eb)

[!] Android toolchain - develop for Android devices (Android SDK version 29.0.2)
    • Android SDK at /Users/zhangchaozhou/Library/Android/sdk
    • Android NDK location not configured (optional; useful for native profiling support)
    • Platform android-29, build-tools 29.0.2
    • Java binary at: /Applications/Android Studio.app/Contents/jre/jdk/Contents/Home/bin/java
    • Java version OpenJDK Runtime Environment (build 1.8.0_212-release-1586-b4-5784211)
    ! Some Android licenses not accepted.  To resolve this, run: flutter doctor --android-licenses

[✓] iOS toolchain - develop for iOS devices (Xcode 11.3.1)
    • Xcode at /Applications/Xcode.app/Contents/Developer
    • Xcode 11.3.1, Build version 11C504
    • ios-deploy 1.9.4
    • CocoaPods version 1.8.4

[✓] Android Studio (version 3.6)
    • Android Studio at /Applications/Android Studio.app/Contents
    • Flutter plugin version 43.0.2
    • Dart plugin version 192.7761
    • Java version OpenJDK Runtime Environment (build 1.8.0_212-release-1586-b4-5784211)

[!] IntelliJ IDEA Ultimate Edition (version 2018.1.4)
    • IntelliJ at /Applications/IntelliJ IDEA.app
    ✗ Flutter plugin not installed; this adds Flutter specific functionality.
    ✗ Dart plugin not installed; this adds Dart specific functionality.
    • For information about installing plugins, see
      https://flutter.io/intellij-setup/#installing-the-plugins

[✓] Connected device (2 available)
    • VKY TL00          • 3PL7N17331000605                     • android-arm64 • Android 8.0.0 (API 26)
    • iPhone 11 Pro Max • FF5DB72D-7F8D-409D-B3EB-1F1C797F594C • ios           • com.apple.CoreSimulator.SimRuntime.iOS-13-3 (simulator)

! Doctor found issues in 2 categories.
```
